  pch.cpp
  nodetap.cpp
  tap.cpp
D:\Projects\GitHub\Tap-Adapter-Experiment\NodeTap\tap.cpp(68,2): error C2275: 'napi_value': expected an expression instead of a type
  (compiling source file '/tap.cpp')
  
D:\Projects\GitHub\Tap-Adapter-Experiment\NodeTap\tap.cpp(68,13): error C2146: syntax error: missing ')' before identifier 'result'
  (compiling source file '/tap.cpp')
  
D:\Projects\GitHub\Tap-Adapter-Experiment\NodeTap\tap.cpp(68,13): error C2146: syntax error: missing ';' before identifier 'result'
  (compiling source file '/tap.cpp')
  
D:\Projects\GitHub\Tap-Adapter-Experiment\NodeTap\tap.cpp(68,13): error C2065: 'result': undeclared identifier
  (compiling source file '/tap.cpp')
  
D:\Projects\GitHub\Tap-Adapter-Experiment\NodeTap\tap.cpp(69,40): error C2065: 'result': undeclared identifier
  (compiling source file '/tap.cpp')
  
D:\Projects\GitHub\Tap-Adapter-Experiment\NodeTap\tap.cpp(71,9): error C2065: 'result': undeclared identifier
  (compiling source file '/tap.cpp')
  
  Generating Code...
